<testsuites id="" name="" tests="4" failures="1" skipped="0" errors="0" time="32.120396">
<testsuite name="tests\Module04\04_TestReports_Test.spec.ts" timestamp="2025-05-04T17:12:35.313Z" hostname="chromium" tests="4" failures="1" skipped="0" time="92.528" errors="0">
<testcase name="Smoke testing › Test 1" classname="tests\Module04\04_TestReports_Test.spec.ts" time="21.543">
<system-out>
<![CDATA[test 1...

[[ATTACHMENT|test-results\tests-Module04-04_TestReports_Test-Smoke-testing-Test-1-chromium\trace.zip]]
]]>
</system-out>
</testcase>
<testcase name="Regression testing › Test 2" classname="tests\Module04\04_TestReports_Test.spec.ts" time="23.993">
<system-out>
<![CDATA[test 2...

[[ATTACHMENT|test-results\tests-Module04-04_TestReports_Test-Regression-testing-Test-2-chromium\trace.zip]]
]]>
</system-out>
</testcase>
<testcase name="Regression testing › Test 3" classname="tests\Module04\04_TestReports_Test.spec.ts" time="23.995">
<system-out>
<![CDATA[test 3...

[[ATTACHMENT|test-results\tests-Module04-04_TestReports_Test-Regression-testing-Test-3-chromium\trace.zip]]
]]>
</system-out>
</testcase>
<testcase name="Regression testing › Test 4" classname="tests\Module04\04_TestReports_Test.spec.ts" time="22.997">
<failure message="04_TestReports_Test.spec.ts:49:9 Test 4" type="FAILURE">
<![CDATA[  [chromium] › tests\Module04\04_TestReports_Test.spec.ts:49:9 › Regression testing › Test 4 ───────

    TimeoutError: locator.dragTo: Timeout 10000ms exceeded.
    Call log:
      - waiting for locator('.demoframe').contentFrame().locator('#draggable')


      56 |         const dropEle = await iframe.locator('#droppable');
      57 |
    > 58 |         await dragEle.dragTo(dropEle)
         |                       ^
      59 |         await page.waitForTimeout(6000)
      60 |
      61 |     })
        at C:\Users\Admin\Desktop\playwrightAutomation\playwrightTypeScript\tests\Module04\04_TestReports_Test.spec.ts:58:23

    attachment #1: screenshot (image/png) ──────────────────────────────────────────────────────────
    test-results\tests-Module04-04_TestReports_Test-Regression-testing-Test-4-chromium\test-failed-1.png
    ────────────────────────────────────────────────────────────────────────────────────────────────

    attachment #2: video (video/webm) ──────────────────────────────────────────────────────────────
    test-results\tests-Module04-04_TestReports_Test-Regression-testing-Test-4-chromium\video.webm
    ────────────────────────────────────────────────────────────────────────────────────────────────

    attachment #3: trace (application/zip) ─────────────────────────────────────────────────────────
    test-results\tests-Module04-04_TestReports_Test-Regression-testing-Test-4-chromium\trace.zip
    Usage:

        npx playwright show-trace test-results\tests-Module04-04_TestReports_Test-Regression-testing-Test-4-chromium\trace.zip

    ────────────────────────────────────────────────────────────────────────────────────────────────
]]>
</failure>
<system-out>
<![CDATA[test 1...

[[ATTACHMENT|test-results\tests-Module04-04_TestReports_Test-Regression-testing-Test-4-chromium\test-failed-1.png]]

[[ATTACHMENT|test-results\tests-Module04-04_TestReports_Test-Regression-testing-Test-4-chromium\video.webm]]

[[ATTACHMENT|test-results\tests-Module04-04_TestReports_Test-Regression-testing-Test-4-chromium\trace.zip]]
]]>
</system-out>
</testcase>
</testsuite>
</testsuites>